-------------------------------------------------------------------------------
Test set: org.gephi.plugin.hadoop.connector.HadoopSQLImporterToolActionTest
-------------------------------------------------------------------------------
Tests run: 1, Failures: 1, Errors: 0, Skipped: 0, Time elapsed: 1.889 sec <<< FAILURE! - in org.gephi.plugin.hadoop.connector.HadoopSQLImporterToolActionTest
org.gephi.plugin.hadoop.connector.HadoopSQLImporterToolActionTest.testActionPerformed()  Time elapsed: 1.889 sec  <<< FAILURE!
java.lang.AssertionError: The test case is a prototype.
	at org.junit.Assert.fail(Assert.java:91)
	at org.gephi.plugin.hadoop.connector.HadoopSQLImporterToolActionTest.testActionPerformed(HadoopSQLImporterToolActionTest.java:51)

