-------------------------------------------------------------------------------
Test set: org.etosha.hdgs.mln.TimedependentMultiLayerNetworkManagerTest
-------------------------------------------------------------------------------
Tests run: 8, Failures: 8, Errors: 0, Skipped: 0, Time elapsed: 0.539 sec <<< FAILURE! - in org.etosha.hdgs.mln.TimedependentMultiLayerNetworkManagerTest
org.etosha.hdgs.mln.TimedependentMultiLayerNetworkManagerTest.testComponentOpened()  Time elapsed: 0.087 sec  <<< FAILURE!
java.lang.AssertionError: The test case is a prototype.
	at org.junit.Assert.fail(Assert.java:91)
	at org.etosha.hdgs.mln.TimedependentMultiLayerNetworkManagerTest.testComponentOpened(TimedependentMultiLayerNetworkManagerTest.java:50)

org.etosha.hdgs.mln.TimedependentMultiLayerNetworkManagerTest.testComponentClosed()  Time elapsed: 0.016 sec  <<< FAILURE!
java.lang.AssertionError: The test case is a prototype.
	at org.junit.Assert.fail(Assert.java:91)
	at org.etosha.hdgs.mln.TimedependentMultiLayerNetworkManagerTest.testComponentClosed(TimedependentMultiLayerNetworkManagerTest.java:62)

org.etosha.hdgs.mln.TimedependentMultiLayerNetworkManagerTest.testWriteProperties()  Time elapsed: 0.016 sec  <<< FAILURE!
java.lang.NullPointerException
	at org.etosha.hdgs.mln.TimedependentMultiLayerNetworkManager.writeProperties(TimedependentMultiLayerNetworkManager.java:731)
	at org.etosha.hdgs.mln.TimedependentMultiLayerNetworkManagerTest.testWriteProperties(TimedependentMultiLayerNetworkManagerTest.java:73)

org.etosha.hdgs.mln.TimedependentMultiLayerNetworkManagerTest.testReadProperties()  Time elapsed: 0.015 sec  <<< FAILURE!
java.lang.NullPointerException
	at org.etosha.hdgs.mln.TimedependentMultiLayerNetworkManager.readProperties(TimedependentMultiLayerNetworkManager.java:736)
	at org.etosha.hdgs.mln.TimedependentMultiLayerNetworkManagerTest.testReadProperties(TimedependentMultiLayerNetworkManagerTest.java:86)

org.etosha.hdgs.mln.TimedependentMultiLayerNetworkManagerTest.testLoadNetworkLayersForTMN()  Time elapsed: 0.292 sec  <<< FAILURE!
java.lang.AssertionError: The test case is a prototype.
	at org.junit.Assert.fail(Assert.java:91)
	at org.etosha.hdgs.mln.TimedependentMultiLayerNetworkManagerTest.testLoadNetworkLayersForTMN(TimedependentMultiLayerNetworkManagerTest.java:115)

org.etosha.hdgs.mln.TimedependentMultiLayerNetworkManagerTest.testLoadQueriesForNetworkLayer()  Time elapsed: 0.052 sec  <<< FAILURE!
java.lang.AssertionError: expected array was null
	at org.junit.Assert.fail(Assert.java:91)
	at org.junit.internal.ComparisonCriteria.assertArraysAreSameLength(ComparisonCriteria.java:64)
	at org.junit.internal.ComparisonCriteria.arrayEquals(ComparisonCriteria.java:34)
	at org.junit.Assert.internalArrayEquals(Assert.java:414)
	at org.junit.Assert.assertArrayEquals(Assert.java:166)
	at org.junit.Assert.assertArrayEquals(Assert.java:183)
	at org.etosha.hdgs.mln.TimedependentMultiLayerNetworkManagerTest.testLoadQueriesForNetworkLayer(TimedependentMultiLayerNetworkManagerTest.java:129)

org.etosha.hdgs.mln.TimedependentMultiLayerNetworkManagerTest.testLoadTMNListeFromMetastore()  Time elapsed: 0.046 sec  <<< FAILURE!
java.lang.RuntimeException: Failed : HTTP error code : 401
	at org.etosha.hdgs.mln.TimedependentMultiLayerNetworkManager.loadTMNListeFromMetastore(TimedependentMultiLayerNetworkManager.java:1025)
	at org.etosha.hdgs.mln.TimedependentMultiLayerNetworkManagerTest.testLoadTMNListeFromMetastore(TimedependentMultiLayerNetworkManagerTest.java:142)

org.etosha.hdgs.mln.TimedependentMultiLayerNetworkManagerTest.testCenterOnScreen()  Time elapsed: 0.015 sec  <<< FAILURE!
java.lang.AssertionError: The test case is a prototype.
	at org.junit.Assert.fail(Assert.java:91)
	at org.etosha.hdgs.mln.TimedependentMultiLayerNetworkManagerTest.testCenterOnScreen(TimedependentMultiLayerNetworkManagerTest.java:100)

