<?xml version="1.0" encoding="UTF-8"?>
<testsuite xmlns:xsi="http://www.w3.org/2001/XMLSchema-instance" xsi:schemaLocation="https://maven.apache.org/surefire/maven-surefire-plugin/xsd/surefire-test-report.xsd" name="org.etosha.hdgs.mln.TimedependentMultiLayerNetworkManagerTest" time="0.539" tests="8" errors="0" skipped="0" failures="8">
  <properties>
[...]
</properties>
  <testcase name="org.etosha.hdgs.mln.TimedependentMultiLayerNetworkManagerTest.testComponentOpened" classname="org.etosha.hdgs.mln.TimedependentMultiLayerNetworkManagerTest" time="0.087">
    <failure message="The test case is a prototype." type="java.lang.AssertionError">java.lang.AssertionError: The test case is a prototype.
	at org.junit.Assert.fail(Assert.java:91)
	at org.etosha.hdgs.mln.TimedependentMultiLayerNetworkManagerTest.testComponentOpened(TimedependentMultiLayerNetworkManagerTest.java:50)
</failure>
    <system-out><![CDATA[componentOpened
]]></system-out>
  </testcase>
  <testcase name="org.etosha.hdgs.mln.TimedependentMultiLayerNetworkManagerTest.testComponentClosed" classname="org.etosha.hdgs.mln.TimedependentMultiLayerNetworkManagerTest" time="0.016">
    <failure message="The test case is a prototype." type="java.lang.AssertionError">java.lang.AssertionError: The test case is a prototype.
	at org.junit.Assert.fail(Assert.java:91)
	at org.etosha.hdgs.mln.TimedependentMultiLayerNetworkManagerTest.testComponentClosed(TimedependentMultiLayerNetworkManagerTest.java:62)
</failure>
  </testcase>
  <testcase name="org.etosha.hdgs.mln.TimedependentMultiLayerNetworkManagerTest.testWriteProperties" classname="org.etosha.hdgs.mln.TimedependentMultiLayerNetworkManagerTest" time="0.016">
    <failure type="java.lang.NullPointerException">java.lang.NullPointerException
	at org.etosha.hdgs.mln.TimedependentMultiLayerNetworkManager.writeProperties(TimedependentMultiLayerNetworkManager.java:731)
	at org.etosha.hdgs.mln.TimedependentMultiLayerNetworkManagerTest.testWriteProperties(TimedependentMultiLayerNetworkManagerTest.java:73)
</failure>
  </testcase>
  <testcase name="org.etosha.hdgs.mln.TimedependentMultiLayerNetworkManagerTest.testReadProperties" classname="org.etosha.hdgs.mln.TimedependentMultiLayerNetworkManagerTest" time="0.015">
    <failure type="java.lang.NullPointerException">java.lang.NullPointerException
	at org.etosha.hdgs.mln.TimedependentMultiLayerNetworkManager.readProperties(TimedependentMultiLayerNetworkManager.java:736)
	at org.etosha.hdgs.mln.TimedependentMultiLayerNetworkManagerTest.testReadProperties(TimedependentMultiLayerNetworkManagerTest.java:86)
</failure>
  </testcase>
  <testcase name="org.etosha.hdgs.mln.TimedependentMultiLayerNetworkManagerTest.testLoadNetworkLayersForTMN" classname="org.etosha.hdgs.mln.TimedependentMultiLayerNetworkManagerTest" time="0.292">
    <failure message="The test case is a prototype." type="java.lang.AssertionError">java.lang.AssertionError: The test case is a prototype.
	at org.junit.Assert.fail(Assert.java:91)
	at org.etosha.hdgs.mln.TimedependentMultiLayerNetworkManagerTest.testLoadNetworkLayersForTMN(TimedependentMultiLayerNetworkManagerTest.java:115)
</failure>
    <system-err><![CDATA[log4j:WARN No appenders could be found for logger (org.apache.http.client.protocol.RequestAddCookies).
log4j:WARN Please initialize the log4j system properly.
log4j:WARN See http://logging.apache.org/log4j/1.2/faq.html#noconfig for more info.
java.lang.RuntimeException: Failed : HTTP error code : 404
	at org.etosha.hdgs.mln.TimedependentMultiLayerNetworkManager.loadNetworkLayersForTMN(TimedependentMultiLayerNetworkManager.java:825)
	at org.etosha.hdgs.mln.TimedependentMultiLayerNetworkManagerTest.testLoadNetworkLayersForTMN(TimedependentMultiLayerNetworkManagerTest.java:112)
	at sun.reflect.NativeMethodAccessorImpl.invoke0(Native Method)
	at sun.reflect.NativeMethodAccessorImpl.invoke(NativeMethodAccessorImpl.java:62)
	at sun.reflect.DelegatingMethodAccessorImpl.invoke(DelegatingMethodAccessorImpl.java:43)
	at java.lang.reflect.Method.invoke(Method.java:498)
	at org.apache.maven.surefire.junit.PojoTestSet.executeTestMethod(PojoTestSet.java:155)
	at org.apache.maven.surefire.junit.PojoTestSet.executeTestMethods(PojoTestSet.java:106)
	at org.apache.maven.surefire.junit.PojoTestSet.execute(PojoTestSet.java:87)
	at org.apache.maven.surefire.junit.JUnit3Provider.executeTestSet(JUnit3Provider.java:136)
	at org.apache.maven.surefire.junit.JUnit3Provider.invoke(JUnit3Provider.java:109)
	at org.apache.maven.surefire.booter.ForkedBooter.invokeProviderInSameClassLoader(ForkedBooter.java:290)
	at org.apache.maven.surefire.booter.ForkedBooter.runSuitesInProcess(ForkedBooter.java:242)
	at org.apache.maven.surefire.booter.ForkedBooter.main(ForkedBooter.java:121)
]]></system-err>
  </testcase>
  <testcase name="org.etosha.hdgs.mln.TimedependentMultiLayerNetworkManagerTest.testLoadQueriesForNetworkLayer" classname="org.etosha.hdgs.mln.TimedependentMultiLayerNetworkManagerTest" time="0.052">
    <failure message="expected array was null" type="java.lang.AssertionError">java.lang.AssertionError: expected array was null
	at org.junit.Assert.fail(Assert.java:91)
	at org.junit.internal.ComparisonCriteria.assertArraysAreSameLength(ComparisonCriteria.java:64)
	at org.junit.internal.ComparisonCriteria.arrayEquals(ComparisonCriteria.java:34)
	at org.junit.Assert.internalArrayEquals(Assert.java:414)
	at org.junit.Assert.assertArrayEquals(Assert.java:166)
	at org.junit.Assert.assertArrayEquals(Assert.java:183)
	at org.etosha.hdgs.mln.TimedependentMultiLayerNetworkManagerTest.testLoadQueriesForNetworkLayer(TimedependentMultiLayerNetworkManagerTest.java:129)
</failure>
    <system-err><![CDATA[java.lang.RuntimeException: Failed : HTTP error code : 404
	at org.etosha.hdgs.mln.TimedependentMultiLayerNetworkManager.loadQueriesForNetworkLayer(TimedependentMultiLayerNetworkManager.java:926)
	at org.etosha.hdgs.mln.TimedependentMultiLayerNetworkManagerTest.testLoadQueriesForNetworkLayer(TimedependentMultiLayerNetworkManagerTest.java:128)
	at sun.reflect.NativeMethodAccessorImpl.invoke0(Native Method)
	at sun.reflect.NativeMethodAccessorImpl.invoke(NativeMethodAccessorImpl.java:62)
	at sun.reflect.DelegatingMethodAccessorImpl.invoke(DelegatingMethodAccessorImpl.java:43)
	at java.lang.reflect.Method.invoke(Method.java:498)
	at org.apache.maven.surefire.junit.PojoTestSet.executeTestMethod(PojoTestSet.java:155)
	at org.apache.maven.surefire.junit.PojoTestSet.executeTestMethods(PojoTestSet.java:106)
	at org.apache.maven.surefire.junit.PojoTestSet.execute(PojoTestSet.java:87)
	at org.apache.maven.surefire.junit.JUnit3Provider.executeTestSet(JUnit3Provider.java:136)
	at org.apache.maven.surefire.junit.JUnit3Provider.invoke(JUnit3Provider.java:109)
	at org.apache.maven.surefire.booter.ForkedBooter.invokeProviderInSameClassLoader(ForkedBooter.java:290)
	at org.apache.maven.surefire.booter.ForkedBooter.runSuitesInProcess(ForkedBooter.java:242)
	at org.apache.maven.surefire.booter.ForkedBooter.main(ForkedBooter.java:121)
]]></system-err>
  </testcase>
  <testcase name="org.etosha.hdgs.mln.TimedependentMultiLayerNetworkManagerTest.testLoadTMNListeFromMetastore" classname="org.etosha.hdgs.mln.TimedependentMultiLayerNetworkManagerTest" time="0.046">
    <failure message="Failed : HTTP error code : 401" type="java.lang.RuntimeException">java.lang.RuntimeException: Failed : HTTP error code : 401
	at org.etosha.hdgs.mln.TimedependentMultiLayerNetworkManager.loadTMNListeFromMetastore(TimedependentMultiLayerNetworkManager.java:1025)
	at org.etosha.hdgs.mln.TimedependentMultiLayerNetworkManagerTest.testLoadTMNListeFromMetastore(TimedependentMultiLayerNetworkManagerTest.java:142)
</failure>
  </testcase>
  <testcase name="org.etosha.hdgs.mln.TimedependentMultiLayerNetworkManagerTest.testCenterOnScreen" classname="org.etosha.hdgs.mln.TimedependentMultiLayerNetworkManagerTest" time="0.015">
    <failure message="The test case is a prototype." type="java.lang.AssertionError">java.lang.AssertionError: The test case is a prototype.
	at org.junit.Assert.fail(Assert.java:91)
	at org.etosha.hdgs.mln.TimedependentMultiLayerNetworkManagerTest.testCenterOnScreen(TimedependentMultiLayerNetworkManagerTest.java:100)
</failure>
  </testcase>
</testsuite>